=::= 
=::= ~~~~~~codeoffset=0xf78; insns off=0xf88;registers is 1;insns size is 5~~~~~~~~
=::= -----------------------
=::=   000f88: 1300 e803                              |0000: const/16 v0, #int 1000 // #3e8
=::=   000f8c: 6700 0400                              |0002: sput v0,field@0004
=::= -----------------------
=::= 
=::= ~~~~~~codeoffset=0xf94; insns off=0xfa4;registers is 3;insns size is 16~~~~~~~~
=::= -----------------------
=::=   000faa: 1300 e803                              |0003: const/16 v0, #int 1000 // #3e8
=::=   000fae: 5910 0200                              |0005: iput v0, v1,field@0002
=::=   000fb2: 5b12 0300                              |0007: iput-object v2, v1,field@0003
=::= -----------------------
=::= -----------------------
=::=   000fbc: 0a00                                   |000c: move-result v0
=::=   000fbe: 5910 0200                              |000d: iput v0, v1,field@0002
=::= -----------------------
=::= 
=::= ~~~~~~codeoffset=0xfc4; insns off=0xfd4;registers is 5;insns size is 25~~~~~~~~
=::= -----------------------
=::=   000fee: da02 0164                              |000d: mul-int/lit8 v2, v1, #int 100 // #64
=::=   000ff2: da03 0003                              |000f: mul-int/lit8 v3, v0, #int 3 // #03
=::=   000ff6: b332                                   |0011: div-int/2addr v2, v3
=::=   000ff8: 5942 0200                              |0012: iput v2, v4,field@0002
=::= -----------------------
=::= -----------------------
=::=   000ffe: 1202                                   |0015: const/4 v2, #int 0 // #0
=::=   001000: 5942 0200                              |0016: iput v2, v4,field@0002
=::= -----------------------
=::= 
=::= ~~~~~~codeoffset=0x1008; insns off=0x1018;registers is 7;insns size is 52~~~~~~~~
=::= -----------------------
=::=   001018: 1203                                   |0000: const/4 v3, #int 0 // #0
=::=   00101a: 1200                                   |0001: const/4 v0, #int 0 // #0
=::=   00101c: 2201 1b00                              |0002: new-instance v1,class@001b
=::= -----------------------
=::= -----------------------
=::=   001046: 0b02                                   |0017: move-result-wide v2
=::=   001048: 6004 0400                              |0018: sget v4,field@0004
=::=   00104c: 8144                                   |001a: int-to-long v4, v4
=::=   00104e: 3102 0204                              |001b: cmp-long v2, v2, v4
=::= -----------------------
=::= -----------------------
=::=   00106a: d800 0001                              |0029: add-int/lit8 v0, v0, #int 1 // #01
=::=   00106e: 5462 0300                              |002b: iget-object v2, v6,field@0003
=::= -----------------------
=::= -----------------------
=::=   001078: 0a02                                   |0030: move-result v2
=::=   00107a: 5962 0000                              |0031: iput v2, v6,field@0000
=::= -----------------------
=::= 
=::= ~~~~~~codeoffset=0x1080; insns off=0x1090;registers is 2;insns size is 6~~~~~~~~
=::= 
=::= ~~~~~~codeoffset=0x109c; insns off=0x10ac;registers is 2;insns size is 6~~~~~~~~
=::= 
=::= ~~~~~~codeoffset=0x10b8; insns off=0x10c8;registers is 7;insns size is 52~~~~~~~~
=::= -----------------------
=::=   0010c8: 1204                                   |0000: const/4 v4, #int 0 // #0
=::=   0010ca: 1200                                   |0001: const/4 v0, #int 0 // #0
=::=   0010cc: 5453 0300                              |0002: iget-object v3, v5,field@0003
=::= -----------------------
=::= -----------------------
=::=   0010f0: da01 0603                              |0014: mul-int/lit8 v1, v6, #int 3 // #03
=::=   0010f4: 1200                                   |0016: const/4 v0, #int 0 // #0
=::= -----------------------
=::= -----------------------
=::=   001116: d801 01ff                              |0027: add-int/lit8 v1, v1, #int -1 // #ff
=::=   00111a: d800 0001                              |0029: add-int/lit8 v0, v0, #int 1 // #01
=::=   00111e: 5453 0300                              |002b: iget-object v3, v5,field@0003
=::= -----------------------
=::= -----------------------
=::=   001128: 0a03                                   |0030: move-result v3
=::=   00112a: 5953 0000                              |0031: iput v3, v5,field@0000
=::= -----------------------
=::= 
=::= ~~~~~~codeoffset=0x1130; insns off=0x1140;registers is 2;insns size is 7~~~~~~~~
=::= 
=::= ~~~~~~codeoffset=0x1150; insns off=0x1160;registers is 5;insns size is 27~~~~~~~~
=::= -----------------------
=::=   001180: 5242 0200                              |0010: iget v2, v4,field@0002
=::=   001184: da03 0003                              |0012: mul-int/lit8 v3, v0, #int 3 // #03
=::=   001188: b232                                   |0014: mul-int/2addr v2, v3
=::=   00118a: 9301 0201                              |0015: div-int v1, v2, v1
=::= -----------------------
=::= -----------------------
=::=   00118e: 5941 0100                              |0017: iput v1, v4,field@0001
=::=   001192: 0112                                   |0019: move v2, v1
=::= -----------------------
=::= 
=::= ~~~~~~codeoffset=0x1198; insns off=0x11a8;registers is 1;insns size is 4~~~~~~~~
=::= 
=::= ~~~~~~codeoffset=0x11b0; insns off=0x11c0;registers is 2;insns size is 1~~~~~~~~
=::= 
=::= ~~~~~~codeoffset=0x11c4; insns off=0x11d4;registers is 7;insns size is 116~~~~~~~~
=::= -----------------------
=::=   00121a: 2203 2900                              |0023: new-instance v3,class@0029
=::=   00121e: 1a04 0200                              |0025: const-string v4, string@0002
=::= -----------------------
=::= -----------------------
=::=   001246: 2203 2900                              |0039: new-instance v3,class@0029
=::=   00124a: 1a04 0100                              |003b: const-string v4, string@0001
=::= -----------------------
=::= -----------------------
=::=   001262: 0c03                                   |0047: move-result-object v3
=::=   001264: 1a04 0300                              |0048: const-string v4, string@0003
=::= -----------------------
=::= -----------------------
=::=   00127e: d801 0101                              |0055: add-int/lit8 v1, v1, #int 1 // #01
=::=   001282: 1253                                   |0057: const/4 v3, #int 5 // #5
=::= -----------------------
=::= -----------------------
=::=   001288: 2203 2900                              |005a: new-instance v3,class@0029
=::=   00128c: 1a04 0000                              |005c: const-string v4, string@0000
=::= -----------------------
=::= 
=::= ~~~~~~codeoffset=0x12bc; insns off=0x12cc;registers is 1;insns size is 15~~~~~~~~
=::= -----------------------
=::=   0012d6: 6900 1100                              |0005: sput-object v0,field@0011
=::=   0012da: 2200 2e00                              |0007: new-instance v0,class@002e
=::= -----------------------
=::= 
=::= ~~~~~~codeoffset=0x12ec; insns off=0x12fc;registers is 1;insns size is 4~~~~~~~~
=::= 
=::= ~~~~~~codeoffset=0x1304; insns off=0x1314;registers is 9;insns size is 77~~~~~~~~
=::= -----------------------
=::=   001314: 1208                                   |0000: const/4 v8, #int 0 // #0
=::=   001316: 1600 0000                              |0001: const-wide/16 v0, #int 0 // #0
=::=   00131a: 1602 0000                              |0003: const-wide/16 v2, #int 0 // #0
=::=   00131e: 6306 0b00                              |0005: sget-boolean v6,field@000b
=::= -----------------------
=::= -----------------------
=::=   001342: 0c05                                   |0017: move-result-object v5
=::=   001344: 1f05 2400                              |0018: check-cast v5,class@0024
=::= -----------------------
=::= -----------------------
=::=   001354: 1906 f03f                              |0020: const-wide/high16 v6, #long 4607182418800017408 // #3ff0
=::=   001358: cb62                                   |0022: add-double/2addr v2, v6
=::= -----------------------
=::= -----------------------
=::=   00136a: 0b06                                   |002b: move-result-wide v6
=::=   00136c: cb60                                   |002c: add-double/2addr v0, v6
=::=   00136e: d804 0401                              |002d: add-int/lit8 v4, v4, #int 1 // #01
=::=   001372: 1256                                   |002f: const/4 v6, #int 5 // #5
=::= -----------------------
=::= -----------------------
=::=   001378: 1906 e03f                              |0032: const-wide/high16 v6, #long 4602678819172646912 // #3fe0
=::=   00137c: 2f06 0206                              |0034: cmpl-double v6, v2, v6
=::= -----------------------
=::= -----------------------
=::=   001384: ce20                                   |0038: div-double/2addr v0, v2
=::=   001386: 2206 2300                              |0039: new-instance v6,class@0023
=::= -----------------------
=::= 
=::= ~~~~~~codeoffset=0x13b0; insns off=0x13c0;registers is 5;insns size is 184~~~~~~~~
=::= -----------------------
=::=   0013c0: 1203                                   |0000: const/4 v3, #int 0 // #0
=::=   0013c2: 6a03 0e00                              |0001: sput-boolean v3,field@000e
=::=   0013c6: 6a03 0b00                              |0003: sput-boolean v3,field@000b
=::= -----------------------
=::= -----------------------
=::=   0013d2: 6200 1100                              |0009: sget-object v0,field@0011
=::=   0013d6: 2201 0b00                              |000b: new-instance v1,class@000b
=::=   0013da: 2202 1a00                              |000d: new-instance v2,class@001a
=::= -----------------------
=::= -----------------------
=::=   0013f0: 6200 1000                              |0018: sget-object v0,field@0010
=::=   0013f4: 2201 2400                              |001a: new-instance v1,class@0024
=::= -----------------------
=::= -----------------------
=::=   001406: 6200 1100                              |0023: sget-object v0,field@0011
=::=   00140a: 2201 0b00                              |0025: new-instance v1,class@000b
=::=   00140e: 2202 1300                              |0027: new-instance v2,class@0013
=::= -----------------------
=::= -----------------------
=::=   001424: 6200 1000                              |0032: sget-object v0,field@0010
=::=   001428: 2201 2400                              |0034: new-instance v1,class@0024
=::= -----------------------
=::= -----------------------
=::=   00143a: 6200 1100                              |003d: sget-object v0,field@0011
=::=   00143e: 2201 0b00                              |003f: new-instance v1,class@000b
=::=   001442: 2202 1200                              |0041: new-instance v2,class@0012
=::= -----------------------
=::= -----------------------
=::=   001458: 6200 1000                              |004c: sget-object v0,field@0010
=::=   00145c: 2201 2400                              |004e: new-instance v1,class@0024
=::= -----------------------
=::= -----------------------
=::=   00146e: 6200 1100                              |0057: sget-object v0,field@0011
=::=   001472: 2201 0b00                              |0059: new-instance v1,class@000b
=::=   001476: 2202 1c00                              |005b: new-instance v2,class@001c
=::= -----------------------
=::= -----------------------
=::=   00148c: 6200 1000                              |0066: sget-object v0,field@0010
=::=   001490: 2201 2400                              |0068: new-instance v1,class@0024
=::= -----------------------
=::= -----------------------
=::=   0014a2: 6200 1100                              |0071: sget-object v0,field@0011
=::=   0014a6: 2201 0b00                              |0073: new-instance v1,class@000b
=::=   0014aa: 2202 1100                              |0075: new-instance v2,class@0011
=::= -----------------------
=::= -----------------------
=::=   0014c0: 6200 1000                              |0080: sget-object v0,field@0010
=::=   0014c4: 2201 2400                              |0082: new-instance v1,class@0024
=::= -----------------------
=::= -----------------------
=::=   0014d8: 6200 1100                              |008c: sget-object v0,field@0011
=::=   0014dc: 2201 0b00                              |008e: new-instance v1,class@000b
=::=   0014e0: 2202 1400                              |0090: new-instance v2,class@0014
=::= -----------------------
=::= -----------------------
=::=   0014f6: 6200 1000                              |009b: sget-object v0,field@0010
=::=   0014fa: 2201 2400                              |009d: new-instance v1,class@0024
=::= -----------------------
=::= 
=::= ~~~~~~codeoffset=0x1530; insns off=0x1540;registers is 1;insns size is 14~~~~~~~~
=::= -----------------------
=::=   001540: 1200                                   |0000: const/4 v0, #int 0 // #0
=::=   001542: 6a00 0e00                              |0001: sput-boolean v0,field@000e
=::=   001546: 6200 1100                              |0003: sget-object v0,field@0011
=::= -----------------------
=::= 
=::= ~~~~~~codeoffset=0x155c; insns off=0x156c;registers is 4;insns size is 21~~~~~~~~
=::= 
=::= ~~~~~~codeoffset=0x1598; insns off=0x15a8;registers is 3;insns size is 21~~~~~~~~
=::= -----------------------
=::=   0015c6: 0c00                                   |000f: move-result-object v0
=::=   0015c8: 1f00 0b00                              |0010: check-cast v0,class@000b
=::=   0015cc: 5201 0000                              |0012: iget v1, v0,field@0000
=::= -----------------------
=::= 
=::= ~~~~~~codeoffset=0x15d4; insns off=0x15e4;registers is 3;insns size is 24~~~~~~~~
=::= -----------------------
=::=   001604: 0c00                                   |0010: move-result-object v0
=::=   001606: 1f00 0b00                              |0011: check-cast v0,class@000b
=::= -----------------------
=::= 
=::= ~~~~~~codeoffset=0x1614; insns off=0x1624;registers is 3;insns size is 23~~~~~~~~
=::= -----------------------
=::=   001642: 0c00                                   |000f: move-result-object v0
=::=   001644: 1f00 2400                              |0010: check-cast v0,class@0024
=::= -----------------------
=::= 
=::= ~~~~~~codeoffset=0x1654; insns off=0x1664;registers is 3;insns size is 24~~~~~~~~
=::= -----------------------
=::=   001682: 0c00                                   |000f: move-result-object v0
=::=   001684: 1f00 0b00                              |0010: check-cast v0,class@000b
=::= -----------------------
=::= 
=::= ~~~~~~codeoffset=0x1694; insns off=0x16a4;registers is 3;insns size is 24~~~~~~~~
=::= -----------------------
=::=   0016c2: 0c00                                   |000f: move-result-object v0
=::=   0016c4: 1f00 0b00                              |0010: check-cast v0,class@000b
=::= -----------------------
=::= 
=::= ~~~~~~codeoffset=0x16d4; insns off=0x16e4;registers is 2;insns size is 4~~~~~~~~
=::= -----------------------
=::=   0016e4: 1210                                   |0000: const/4 v0, #int 1 // #1
=::=   0016e6: 6a00 0d00                              |0001: sput-boolean v0,field@000d
=::= -----------------------
=::= 
=::= ~~~~~~codeoffset=0x16ec; insns off=0x16fc;registers is 2;insns size is 37~~~~~~~~
=::= -----------------------
=::=   0016fc: 1211                                   |0000: const/4 v1, #int 1 // #1
=::=   0016fe: 6200 1100                              |0001: sget-object v0,field@0011
=::= -----------------------
=::= 
=::= ~~~~~~codeoffset=0x1748; insns off=0x1758;registers is 6;insns size is 88~~~~~~~~
=::= -----------------------
=::=   001772: 6202 0f00                              |000d: sget-object v2,field@000f
=::=   001776: 6203 1100                              |000f: sget-object v3,field@0011
=::= -----------------------
=::= -----------------------
=::=   001790: 1212                                   |001c: const/4 v2, #int 1 // #1
=::=   001792: 6a02 0b00                              |001d: sput-boolean v2,field@000b
=::= -----------------------
=::= -----------------------
=::=   0017a6: 6202 0f00                              |0027: sget-object v2,field@000f
=::=   0017aa: 6203 1100                              |0029: sget-object v3,field@0011
=::= -----------------------
=::= -----------------------
=::=   0017d2: 0c00                                   |003d: move-result-object v0
=::=   0017d4: 1f00 0b00                              |003e: check-cast v0,class@000b
=::=   0017d8: 6302 0d00                              |0040: sget-boolean v2,field@000d
=::= -----------------------
=::= -----------------------
=::=   0017e6: 6202 1000                              |0047: sget-object v2,field@0010
=::=   0017ea: 2203 2400                              |0049: new-instance v3,class@0024
=::= -----------------------
=::= 
=::= ~~~~~~codeoffset=0x1808; insns off=0x1818;registers is 3;insns size is 8~~~~~~~~
=::= 
=::= ~~~~~~codeoffset=0x1828; insns off=0x1838;registers is 3;insns size is 6~~~~~~~~
=::= 
=::= ~~~~~~codeoffset=0x1844; insns off=0x1854;registers is 6;insns size is 24~~~~~~~~
=::= -----------------------
=::=   001866: 0b00                                   |0009: move-result-wide v0
=::=   001868: 1f05 0e00                              |000a: check-cast v5,class@000e
=::= -----------------------
=::= -----------------------
=::=   001872: 0b02                                   |000f: move-result-wide v2
=::=   001874: 3100 0002                              |0010: cmp-long v0, v0, v2
=::= -----------------------
=::= 
=::= ~~~~~~codeoffset=0x1884; insns off=0x1894;registers is 3;insns size is 3~~~~~~~~
=::= 
=::= ~~~~~~codeoffset=0x189c; insns off=0x18ac;registers is 6;insns size is 12~~~~~~~~
=::= -----------------------
=::=   0018b2: 0b00                                   |0003: move-result-wide v0
=::=   0018b4: 8402                                   |0004: long-to-int v2, v0
=::=   0018b6: 1303 2000                              |0005: const/16 v3, #int 32 // #20
=::=   0018ba: a403 0003                              |0007: shr-long v3, v0, v3
=::=   0018be: 8433                                   |0009: long-to-int v3, v3
=::=   0018c0: b732                                   |000a: xor-int/2addr v2, v3
=::= -----------------------
=::= 
=::= ~~~~~~codeoffset=0x18c4; insns off=0x18d4;registers is 3;insns size is 3~~~~~~~~
=::= 
=::= ~~~~~~codeoffset=0x18dc; insns off=0x18ec;registers is 1;insns size is 4~~~~~~~~
=::= 
=::= ~~~~~~codeoffset=0x18f4; insns off=0x1904;registers is 8;insns size is 79~~~~~~~~
=::= -----------------------
=::=   00190e: 6203 3000                              |0005: sget-object v3,field@0030
=::=   001912: 1a04 0f00                              |0007: const-string v4, string@000f
=::= -----------------------
=::= -----------------------
=::=   00191e: 1403 4042 0f00                         |000d: const v3, #float 0.000000 // #000f4240
=::= -----------------------
=::= -----------------------
=::=   001928: 6203 3000                              |0012: sget-object v3,field@0030
=::=   00192c: 2204 2900                              |0014: new-instance v4,class@0029
=::=   001930: 1a05 0700                              |0016: const-string v5, string@0007
=::= -----------------------
=::= -----------------------
=::=   00195a: 1403 8096 9800                         |002b: const v3, #float 0.000000 // #00989680
=::= -----------------------
=::= -----------------------
=::=   001964: 6203 3000                              |0030: sget-object v3,field@0030
=::=   001968: 2204 2900                              |0032: new-instance v4,class@0029
=::=   00196c: 1a05 0600                              |0034: const-string v5, string@0006
=::= -----------------------
=::= 
=::= ~~~~~~codeoffset=0x19a4; insns off=0x19b4;registers is 1;insns size is 4~~~~~~~~
=::= 
=::= ~~~~~~codeoffset=0x19bc; insns off=0x19cc;registers is 11;insns size is 108~~~~~~~~
=::= -----------------------
=::=   0019cc: 6207 3000                              |0000: sget-object v7,field@0030
=::=   0019d0: 1a08 6b00                              |0002: const-string v8, string@006b
=::= -----------------------
=::= -----------------------
=::=   0019e0: 0b05                                   |000a: move-result-wide v5
=::=   0019e2: 6207 3000                              |000b: sget-object v7,field@0030
=::=   0019e6: 2208 2900                              |000d: new-instance v8,class@0029
=::=   0019ea: 1a09 e600                              |000f: const-string v9, string@00e6
=::= -----------------------
=::= -----------------------
=::=   001a0c: 1407 4042 0f00                         |0020: const v7, #float 0.000000 // #000f4240
=::= -----------------------
=::= -----------------------
=::=   001a1c: 0b02                                   |0028: move-result-wide v2
=::=   001a1e: 6207 3000                              |0029: sget-object v7,field@0030
=::=   001a22: 2208 2900                              |002b: new-instance v8,class@0029
=::=   001a26: 1a09 9500                              |002d: const-string v9, string@0095
=::= -----------------------
=::= -----------------------
=::=   001a46: 9c00 0205                              |003d: sub-long v0, v2, v5
=::=   001a4a: 6207 3000                              |003f: sget-object v7,field@0030
=::=   001a4e: 2208 2900                              |0041: new-instance v8,class@0029
=::=   001a52: 1a09 1700                              |0043: const-string v9, string@0017
=::= -----------------------
=::= -----------------------
=::=   001a72: 1607 0000                              |0053: const-wide/16 v7, #int 0 // #0
=::=   001a76: 3107 0007                              |0055: cmp-long v7, v0, v7
=::= -----------------------
=::= -----------------------
=::=   001a7e: 6207 3000                              |0059: sget-object v7,field@0030
=::=   001a82: 1a08 1600                              |005b: const-string v8, string@0016
=::= -----------------------
=::= -----------------------
=::=   001a94: 6207 3000                              |0064: sget-object v7,field@0030
=::=   001a98: 1a08 1500                              |0066: const-string v8, string@0015
=::= -----------------------
=::= 
=::= ~~~~~~codeoffset=0x1aa4; insns off=0x1ab4;registers is 2;insns size is 12~~~~~~~~
=::= -----------------------
=::=   001aba: 1300 1400                              |0003: const/16 v0, #int 20 // #14
=::=   001abe: 5910 1400                              |0005: iput v0, v1,field@0014
=::=   001ac2: 1300 b900                              |0007: const/16 v0, #int 185 // #b9
=::=   001ac6: 5910 1700                              |0009: iput v0, v1,field@0017
=::= -----------------------
=::= 
=::= ~~~~~~codeoffset=0x1acc; insns off=0x1adc;registers is 2;insns size is 2~~~~~~~~
=::= 
=::= ~~~~~~codeoffset=0x1ae0; insns off=0x1af0;registers is 2;insns size is 3~~~~~~~~
=::= 
=::= ~~~~~~codeoffset=0x1af8; insns off=0x1b08;registers is 19;insns size is 241~~~~~~~~
=::= -----------------------
=::=   001b0a: 0800 1200                              |0001: move-object/from16 v0, v18
=::=   001b0e: 5200 1700                              |0003: iget v0, v0,field@0017
=::=   001b12: 010b                                   |0005: move v11, v0
=::= -----------------------
=::= -----------------------
=::=   001b1a: 828b                                   |0009: int-to-float v11, v8
=::=   001b1c: 89bb                                   |000a: float-to-double v11, v11
=::=   001b1e: 180d 182d 4454 fb21 0940               |000b: const-wide v13, #double 3.141593 // #400921fb54442d18
=::=   001b28: cddb                                   |0010: mul-double/2addr v11, v13
=::=   001b2a: 180d 0000 0000 0080 6640               |0011: const-wide v13, #double 180.000000 // #4066800000000000
=::=   001b34: ae01 0b0d                              |0016: div-double v1, v11, v13
=::= -----------------------
=::= -----------------------
=::=   001b46: 0b05                                   |001f: move-result-wide v5
=::=   001b48: 0800 1200                              |0020: move-object/from16 v0, v18
=::=   001b4c: 5400 1800                              |0022: iget-object v0, v0,field@0018
=::=   001b50: 070b                                   |0024: move-object v11, v0
=::=   001b52: 120c                                   |0025: const/4 v12, #int 0 // #0
=::=   001b54: 460b 0b0c                              |0026: aget-object v11, v11, v12
=::=   001b58: 120c                                   |0028: const/4 v12, #int 0 // #0
=::=   001b5a: 4c05 0b0c                              |0029: aput-wide v5, v11, v12
=::=   001b5e: 0800 1200                              |002b: move-object/from16 v0, v18
=::=   001b62: 5400 1800                              |002d: iget-object v0, v0,field@0018
=::=   001b66: 070b                                   |002f: move-object v11, v0
=::=   001b68: 121c                                   |0030: const/4 v12, #int 1 // #1
=::=   001b6a: 460b 0b0c                              |0031: aget-object v11, v11, v12
=::=   001b6e: 120c                                   |0033: const/4 v12, #int 0 // #0
=::=   001b70: 4c03 0b0c                              |0034: aput-wide v3, v11, v12
=::=   001b74: 0800 1200                              |0036: move-object/from16 v0, v18
=::=   001b78: 5400 1800                              |0038: iget-object v0, v0,field@0018
=::=   001b7c: 070b                                   |003a: move-object v11, v0
=::=   001b7e: 122c                                   |003b: const/4 v12, #int 2 // #2
=::=   001b80: 460b 0b0c                              |003c: aget-object v11, v11, v12
=::=   001b84: 120c                                   |003e: const/4 v12, #int 0 // #0
=::=   001b86: 160d 0000                              |003f: const-wide/16 v13, #int 0 // #0
=::=   001b8a: 4c0d 0b0c                              |0041: aput-wide v13, v11, v12
=::=   001b8e: 0800 1200                              |0043: move-object/from16 v0, v18
=::=   001b92: 5400 1800                              |0045: iget-object v0, v0,field@0018
=::=   001b96: 070b                                   |0047: move-object v11, v0
=::=   001b98: 120c                                   |0048: const/4 v12, #int 0 // #0
=::=   001b9a: 460b 0b0c                              |0049: aget-object v11, v11, v12
=::=   001b9e: 121c                                   |004b: const/4 v12, #int 1 // #1
=::=   001ba0: 803d                                   |004c: neg-double v13, v3
=::=   001ba2: 4c0d 0b0c                              |004d: aput-wide v13, v11, v12
=::=   001ba6: 0800 1200                              |004f: move-object/from16 v0, v18
=::=   001baa: 5400 1800                              |0051: iget-object v0, v0,field@0018
=::=   001bae: 070b                                   |0053: move-object v11, v0
=::=   001bb0: 121c                                   |0054: const/4 v12, #int 1 // #1
=::=   001bb2: 460b 0b0c                              |0055: aget-object v11, v11, v12
=::=   001bb6: 121c                                   |0057: const/4 v12, #int 1 // #1
=::=   001bb8: 4c05 0b0c                              |0058: aput-wide v5, v11, v12
=::=   001bbc: 0800 1200                              |005a: move-object/from16 v0, v18
=::=   001bc0: 5400 1800                              |005c: iget-object v0, v0,field@0018
=::=   001bc4: 070b                                   |005e: move-object v11, v0
=::=   001bc6: 122c                                   |005f: const/4 v12, #int 2 // #2
=::=   001bc8: 460b 0b0c                              |0060: aget-object v11, v11, v12
=::=   001bcc: 121c                                   |0062: const/4 v12, #int 1 // #1
=::=   001bce: 160d 0000                              |0063: const-wide/16 v13, #int 0 // #0
=::=   001bd2: 4c0d 0b0c                              |0065: aput-wide v13, v11, v12
=::=   001bd6: 0800 1200                              |0067: move-object/from16 v0, v18
=::=   001bda: 5400 1800                              |0069: iget-object v0, v0,field@0018
=::=   001bde: 070b                                   |006b: move-object v11, v0
=::=   001be0: 120c                                   |006c: const/4 v12, #int 0 // #0
=::=   001be2: 460b 0b0c                              |006d: aget-object v11, v11, v12
=::=   001be6: 122c                                   |006f: const/4 v12, #int 2 // #2
=::=   001be8: 160d 0000                              |0070: const-wide/16 v13, #int 0 // #0
=::=   001bec: 4c0d 0b0c                              |0072: aput-wide v13, v11, v12
=::=   001bf0: 0800 1200                              |0074: move-object/from16 v0, v18
=::=   001bf4: 5400 1800                              |0076: iget-object v0, v0,field@0018
=::=   001bf8: 070b                                   |0078: move-object v11, v0
=::=   001bfa: 121c                                   |0079: const/4 v12, #int 1 // #1
=::=   001bfc: 460b 0b0c                              |007a: aget-object v11, v11, v12
=::=   001c00: 122c                                   |007c: const/4 v12, #int 2 // #2
=::=   001c02: 160d 0000                              |007d: const-wide/16 v13, #int 0 // #0
=::=   001c06: 4c0d 0b0c                              |007f: aput-wide v13, v11, v12
=::=   001c0a: 0800 1200                              |0081: move-object/from16 v0, v18
=::=   001c0e: 5400 1800                              |0083: iget-object v0, v0,field@0018
=::=   001c12: 070b                                   |0085: move-object v11, v0
=::=   001c14: 122c                                   |0086: const/4 v12, #int 2 // #2
=::=   001c16: 460b 0b0c                              |0087: aget-object v11, v11, v12
=::=   001c1a: 122c                                   |0089: const/4 v12, #int 2 // #2
=::=   001c1c: 190d f03f                              |008a: const-wide/high16 v13, #long 4607182418800017408 // #3ff0
=::=   001c20: 4c0d 0b0c                              |008c: aput-wide v13, v11, v12
=::=   001c24: 1207                                   |008e: const/4 v7, #int 0 // #0
=::= -----------------------
=::= -----------------------
=::=   001c26: 0800 1200                              |008f: move-object/from16 v0, v18
=::=   001c2a: 5400 1600                              |0091: iget-object v0, v0,field@0016
=::=   001c2e: 070b                                   |0093: move-object v11, v0
=::=   001c30: 120c                                   |0094: const/4 v12, #int 0 // #0
=::=   001c32: 460b 0b0c                              |0095: aget-object v11, v11, v12
=::=   001c36: 160c 0000                              |0097: const-wide/16 v12, #int 0 // #0
=::=   001c3a: 4c0c 0b07                              |0099: aput-wide v12, v11, v7
=::=   001c3e: 0800 1200                              |009b: move-object/from16 v0, v18
=::=   001c42: 5400 1600                              |009d: iget-object v0, v0,field@0016
=::=   001c46: 070b                                   |009f: move-object v11, v0
=::=   001c48: 121c                                   |00a0: const/4 v12, #int 1 // #1
=::=   001c4a: 460b 0b0c                              |00a1: aget-object v11, v11, v12
=::=   001c4e: 160c 0000                              |00a3: const-wide/16 v12, #int 0 // #0
=::=   001c52: 4c0c 0b07                              |00a5: aput-wide v12, v11, v7
=::=   001c56: 0800 1200                              |00a7: move-object/from16 v0, v18
=::=   001c5a: 5400 1600                              |00a9: iget-object v0, v0,field@0016
=::=   001c5e: 070b                                   |00ab: move-object v11, v0
=::=   001c60: 122c                                   |00ac: const/4 v12, #int 2 // #2
=::=   001c62: 460b 0b0c                              |00ad: aget-object v11, v11, v12
=::=   001c66: 160c 0000                              |00af: const-wide/16 v12, #int 0 // #0
=::=   001c6a: 4c0c 0b07                              |00b1: aput-wide v12, v11, v7
=::=   001c6e: 120a                                   |00b3: const/4 v10, #int 0 // #0
=::= -----------------------
=::= -----------------------
=::=   001c72: 0800 1200                              |00b5: move-object/from16 v0, v18
=::=   001c76: 5400 1600                              |00b7: iget-object v0, v0,field@0016
=::=   001c7a: 070b                                   |00b9: move-object v11, v0
=::=   001c7c: 460b 0b0a                              |00ba: aget-object v11, v11, v10
=::=   001c80: 0800 1200                              |00bc: move-object/from16 v0, v18
=::=   001c84: 5400 1600                              |00be: iget-object v0, v0,field@0016
=::=   001c88: 070c                                   |00c0: move-object v12, v0
=::=   001c8a: 460c 0c0a                              |00c1: aget-object v12, v12, v10
=::=   001c8e: 450c 0c07                              |00c3: aget-wide v12, v12, v7
=::=   001c92: 0800 1200                              |00c5: move-object/from16 v0, v18
=::=   001c96: 5400 1800                              |00c7: iget-object v0, v0,field@0018
=::=   001c9a: 070e                                   |00c9: move-object v14, v0
=::=   001c9c: 460e 0e09                              |00ca: aget-object v14, v14, v9
=::=   001ca0: 450e 0e0a                              |00cc: aget-wide v14, v14, v10
=::=   001ca4: 0800 1200                              |00ce: move-object/from16 v0, v18
=::=   001ca8: 5400 1600                              |00d0: iget-object v0, v0,field@0016
=::=   001cac: 0810 0000                              |00d2: move-object/from16 v16, v0
=::=   001cb0: 4610 100a                              |00d4: aget-object v16, v16, v10
=::=   001cb4: 4510 1007                              |00d6: aget-wide v16, v16, v7
=::=   001cb8: ad0e 0e10                              |00d8: mul-double v14, v14, v16
=::=   001cbc: cbec                                   |00da: add-double/2addr v12, v14
=::=   001cbe: 4c0c 0b07                              |00db: aput-wide v12, v11, v7
=::=   001cc2: d809 0901                              |00dd: add-int/lit8 v9, v9, #int 1 // #01
=::=   001cc6: 123b                                   |00df: const/4 v11, #int 3 // #3
=::= -----------------------
=::= -----------------------
=::=   001ccc: d80a 0a01                              |00e2: add-int/lit8 v10, v10, #int 1 // #01
=::=   001cd0: 123b                                   |00e4: const/4 v11, #int 3 // #3
=::= -----------------------
=::= -----------------------
=::=   001cd6: d807 0701                              |00e7: add-int/lit8 v7, v7, #int 1 // #01
=::=   001cda: 130b 1400                              |00e9: const/16 v11, #int 20 // #14
=::= -----------------------
=::= 
=::= ~~~~~~codeoffset=0x1cec; insns off=0x1cfc;registers is 10;insns size is 86~~~~~~~~
=::= -----------------------
=::=   001cfc: 1217                                   |0000: const/4 v7, #int 1 // #1
=::=   001cfe: 1306 1400                              |0001: const/16 v6, #int 20 // #14
=::=   001d02: 1233                                   |0003: const/4 v3, #int 3 // #3
=::= -----------------------
=::= -----------------------
=::=   001d0c: 2420 3100 3300                         |0008: filled-new-array {v3, v3}, class@0031
=::=   001d12: 0c01                                   |000b: move-result-object v1
=::=   001d14: 6202 2f00                              |000c: sget-object v2,field@002f
=::= -----------------------
=::= -----------------------
=::=   001d1e: 0c01                                   |0011: move-result-object v1
=::=   001d20: 1f01 3300                              |0012: check-cast v1,class@0033
=::=   001d24: 5b81 1800                              |0014: iput-object v1, v8,field@0018
=::=   001d28: 2420 3100 6300                         |0016: filled-new-array {v3, v6}, class@0031
=::=   001d2e: 0c01                                   |0019: move-result-object v1
=::=   001d30: 6202 2f00                              |001a: sget-object v2,field@002f
=::= -----------------------
=::= -----------------------
=::=   001d3a: 0c01                                   |001f: move-result-object v1
=::=   001d3c: 1f01 3300                              |0020: check-cast v1,class@0033
=::=   001d40: 5b81 1500                              |0022: iput-object v1, v8,field@0015
=::=   001d44: 2420 3100 6300                         |0024: filled-new-array {v3, v6}, class@0031
=::=   001d4a: 0c01                                   |0027: move-result-object v1
=::=   001d4c: 6202 2f00                              |0028: sget-object v2,field@002f
=::= -----------------------
=::= -----------------------
=::=   001d56: 0c01                                   |002d: move-result-object v1
=::=   001d58: 1f01 3300                              |002e: check-cast v1,class@0033
=::=   001d5c: 5b81 1600                              |0030: iput-object v1, v8,field@0016
=::=   001d60: 1200                                   |0032: const/4 v0, #int 0 // #0
=::= -----------------------
=::= -----------------------
=::=   001d62: 5481 1500                              |0033: iget-object v1, v8,field@0015
=::=   001d66: 1202                                   |0035: const/4 v2, #int 0 // #0
=::=   001d68: 4601 0102                              |0036: aget-object v1, v1, v2
=::=   001d6c: 8302                                   |0038: int-to-double v2, v0
=::=   001d6e: 4c02 0100                              |0039: aput-wide v2, v1, v0
=::=   001d72: 5481 1500                              |003b: iget-object v1, v8,field@0015
=::=   001d76: 4601 0107                              |003d: aget-object v1, v1, v7
=::=   001d7a: 7b02                                   |003f: neg-int v2, v0
=::=   001d7c: 8322                                   |0040: int-to-double v2, v2
=::=   001d7e: 4c02 0100                              |0041: aput-wide v2, v1, v0
=::=   001d82: 5481 1500                              |0043: iget-object v1, v8,field@0015
=::=   001d86: 1222                                   |0045: const/4 v2, #int 2 // #2
=::=   001d88: 4601 0102                              |0046: aget-object v1, v1, v2
=::=   001d8c: 8302                                   |0048: int-to-double v2, v0
=::=   001d8e: 1804 182d 4454 fb21 0940               |0049: const-wide v4, #double 3.141593 // #400921fb54442d18
=::=   001d98: cd42                                   |004e: mul-double/2addr v2, v4
=::=   001d9a: 4c02 0100                              |004f: aput-wide v2, v1, v0
=::=   001d9e: d800 0001                              |0051: add-int/lit8 v0, v0, #int 1 // #01
=::= -----------------------
=::= 
=::= ~~~~~~codeoffset=0x1da8; insns off=0x1db8;registers is 1;insns size is 1~~~~~~~~
=::= 
=::= ~~~~~~codeoffset=0x1dbc; insns off=0x1dcc;registers is 1;insns size is 1~~~~~~~~
=::= 
=::= ~~~~~~codeoffset=0x1dd0; insns off=0x1de0;registers is 3;insns size is 8~~~~~~~~
=::= -----------------------
=::=   001de0: 2200 2700                              |0000: new-instance v0,class@0027
=::=   001de4: 1a01 1c00                              |0002: const-string v1, string@001c
=::= -----------------------
=::= 
=::= ~~~~~~codeoffset=0x1df0; insns off=0x1e00;registers is 2;insns size is 8~~~~~~~~
=::= -----------------------
=::=   001e06: 1300 b004                              |0003: const/16 v0, #int 1200 // #4b0
=::=   001e0a: 5910 1a00                              |0005: iput v0, v1,field@001a
=::= -----------------------
=::= 
=::= ~~~~~~codeoffset=0x1e10; insns off=0x1e20;registers is 2;insns size is 2~~~~~~~~
=::= 
=::= ~~~~~~codeoffset=0x1e24; insns off=0x1e34;registers is 2;insns size is 3~~~~~~~~
=::= 
=::= ~~~~~~codeoffset=0x1e3c; insns off=0x1e4c;registers is 19;insns size is 492~~~~~~~~
=::= -----------------------
=::=   001e4c: 121c                                   |0000: const/4 v12, #int 1 // #1
=::=   001e4e: 121d                                   |0001: const/4 v13, #int 1 // #1
=::=   001e50: 121e                                   |0002: const/4 v14, #int 1 // #1
=::=   001e52: 1214                                   |0003: const/4 v4, #int 1 // #1
=::=   001e54: 1215                                   |0004: const/4 v5, #int 1 // #1
=::=   001e56: 1216                                   |0005: const/4 v6, #int 1 // #1
=::=   001e58: 121b                                   |0006: const/4 v11, #int 1 // #1
=::=   001e5a: 1212                                   |0007: const/4 v2, #int 1 // #1
=::=   001e5c: 1213                                   |0008: const/4 v3, #int 1 // #1
=::=   001e5e: 1217                                   |0009: const/4 v7, #int 1 // #1
=::=   001e60: 1218                                   |000a: const/4 v8, #int 1 // #1
=::=   001e62: 1219                                   |000b: const/4 v9, #int 1 // #1
=::=   001e64: 121a                                   |000c: const/4 v10, #int 1 // #1
=::=   001e66: 121c                                   |000d: const/4 v12, #int 1 // #1
=::=   001e68: 121d                                   |000e: const/4 v13, #int 1 // #1
=::=   001e6a: 121e                                   |000f: const/4 v14, #int 1 // #1
=::=   001e6c: 1214                                   |0010: const/4 v4, #int 1 // #1
=::=   001e6e: 1215                                   |0011: const/4 v5, #int 1 // #1
=::=   001e70: 1216                                   |0012: const/4 v6, #int 1 // #1
=::=   001e72: 120f                                   |0013: const/4 v15, #int 0 // #0
=::= -----------------------
=::= -----------------------
=::=   001e74: 0800 1200                              |0014: move-object/from16 v0, v18
=::=   001e78: 5200 1a00                              |0016: iget v0, v0,field@001a
=::=   001e7c: 0211 0000                              |0018: move/from16 v17, v0
=::=   001e80: 01f0                                   |001a: move v0, v15
=::=   001e82: 0201 1100                              |001b: move/from16 v1, v17
=::= -----------------------
=::= -----------------------
=::=   001e8a: 1212                                   |001f: const/4 v2, #int 1 // #1
=::=   001e8c: 1203                                   |0020: const/4 v3, #int 0 // #0
=::=   001e8e: 1217                                   |0021: const/4 v7, #int 1 // #1
=::=   001e90: 1208                                   |0022: const/4 v8, #int 0 // #0
=::=   001e92: 1219                                   |0023: const/4 v9, #int 1 // #1
=::=   001e94: 120a                                   |0024: const/4 v10, #int 0 // #0
=::=   001e96: 1310 0000                              |0025: const/16 v16, #int 0 // #0
=::= -----------------------
=::= -----------------------
=::=   001e9a: 0800 1200                              |0027: move-object/from16 v0, v18
=::=   001e9e: 5200 1a00                              |0029: iget v0, v0,field@001a
=::=   001ea2: 0211 0000                              |002b: move/from16 v17, v0
=::=   001ea6: 0200 1000                              |002d: move/from16 v0, v16
=::=   001eaa: 0201 1100                              |002f: move/from16 v1, v17
=::= -----------------------
=::= -----------------------
=::=   001edc: 1311 0000                              |0048: const/16 v17, #int 0 // #0
=::=   001ee0: 020c 1100                              |004a: move/from16 v12, v17
=::= -----------------------
=::= -----------------------
=::=   001ee8: 1311 0000                              |004e: const/16 v17, #int 0 // #0
=::=   001eec: 020d 1100                              |0050: move/from16 v13, v17
=::= -----------------------
=::= -----------------------
=::=   001ef4: 1311 0000                              |0054: const/16 v17, #int 0 // #0
=::=   001ef8: 020e 1100                              |0056: move/from16 v14, v17
=::= -----------------------
=::= -----------------------
=::=   001f00: 1311 0000                              |005a: const/16 v17, #int 0 // #0
=::=   001f04: 0204 1100                              |005c: move/from16 v4, v17
=::= -----------------------
=::= -----------------------
=::=   001f0c: 1311 0000                              |0060: const/16 v17, #int 0 // #0
=::=   001f10: 0205 1100                              |0062: move/from16 v5, v17
=::= -----------------------
=::= -----------------------
=::=   001f18: 1311 0000                              |0066: const/16 v17, #int 0 // #0
=::=   001f1c: 0206 1100                              |0068: move/from16 v6, v17
=::= -----------------------
=::= -----------------------
=::=   001f24: 1311 0000                              |006c: const/16 v17, #int 0 // #0
=::=   001f28: 0202 1100                              |006e: move/from16 v2, v17
=::= -----------------------
=::= -----------------------
=::=   001f30: 1311 0000                              |0072: const/16 v17, #int 0 // #0
=::=   001f34: 0203 1100                              |0074: move/from16 v3, v17
=::= -----------------------
=::= -----------------------
=::=   001f3c: 1311 0000                              |0078: const/16 v17, #int 0 // #0
=::=   001f40: 0207 1100                              |007a: move/from16 v7, v17
=::= -----------------------
=::= -----------------------
=::=   001f48: 1311 0000                              |007e: const/16 v17, #int 0 // #0
=::=   001f4c: 0208 1100                              |0080: move/from16 v8, v17
=::= -----------------------
=::= -----------------------
=::=   001f54: 1311 0000                              |0084: const/16 v17, #int 0 // #0
=::=   001f58: 0209 1100                              |0086: move/from16 v9, v17
=::= -----------------------
=::= -----------------------
=::=   001f60: 1311 0000                              |008a: const/16 v17, #int 0 // #0
=::=   001f64: 020a 1100                              |008c: move/from16 v10, v17
=::= -----------------------
=::= -----------------------
=::=   001f6c: 1311 0000                              |0090: const/16 v17, #int 0 // #0
=::=   001f70: 0202 1100                              |0092: move/from16 v2, v17
=::= -----------------------
=::= -----------------------
=::=   001f78: 1311 0000                              |0096: const/16 v17, #int 0 // #0
=::=   001f7c: 0203 1100                              |0098: move/from16 v3, v17
=::= -----------------------
=::= -----------------------
=::=   001f84: 1311 0000                              |009c: const/16 v17, #int 0 // #0
=::=   001f88: 0207 1100                              |009e: move/from16 v7, v17
=::= -----------------------
=::= -----------------------
=::=   001f90: 1311 0000                              |00a2: const/16 v17, #int 0 // #0
=::=   001f94: 0208 1100                              |00a4: move/from16 v8, v17
=::= -----------------------
=::= -----------------------
=::=   001f9c: 1311 0000                              |00a8: const/16 v17, #int 0 // #0
=::=   001fa0: 0209 1100                              |00aa: move/from16 v9, v17
=::= -----------------------
=::= -----------------------
=::=   001fa8: 1311 0000                              |00ae: const/16 v17, #int 0 // #0
=::=   001fac: 020a 1100                              |00b0: move/from16 v10, v17
=::= -----------------------
=::= -----------------------
=::=   001fb8: 1311 0100                              |00b6: const/16 v17, #int 1 // #1
=::=   001fbc: 020c 1100                              |00b8: move/from16 v12, v17
=::= -----------------------
=::= -----------------------
=::=   001fc2: 1311 0100                              |00bb: const/16 v17, #int 1 // #1
=::=   001fc6: 020d 1100                              |00bd: move/from16 v13, v17
=::= -----------------------
=::= -----------------------
=::=   001fcc: 1311 0100                              |00c0: const/16 v17, #int 1 // #1
=::=   001fd0: 020e 1100                              |00c2: move/from16 v14, v17
=::= -----------------------
=::= -----------------------
=::=   001fd6: 1311 0100                              |00c5: const/16 v17, #int 1 // #1
=::=   001fda: 0204 1100                              |00c7: move/from16 v4, v17
=::= -----------------------
=::= -----------------------
=::=   001fe0: 1311 0100                              |00ca: const/16 v17, #int 1 // #1
=::=   001fe4: 0205 1100                              |00cc: move/from16 v5, v17
=::= -----------------------
=::= -----------------------
=::=   001fea: 1311 0100                              |00cf: const/16 v17, #int 1 // #1
=::=   001fee: 0206 1100                              |00d1: move/from16 v6, v17
=::= -----------------------
=::= -----------------------
=::=   001ff4: 1311 0100                              |00d4: const/16 v17, #int 1 // #1
=::=   001ff8: 0202 1100                              |00d6: move/from16 v2, v17
=::= -----------------------
=::= -----------------------
=::=   001ffe: 1311 0100                              |00d9: const/16 v17, #int 1 // #1
=::=   002002: 0203 1100                              |00db: move/from16 v3, v17
=::= -----------------------
=::= -----------------------
=::=   002008: 1311 0100                              |00de: const/16 v17, #int 1 // #1
=::=   00200c: 0207 1100                              |00e0: move/from16 v7, v17
=::= -----------------------
=::= -----------------------
=::=   002012: 1311 0100                              |00e3: const/16 v17, #int 1 // #1
=::=   002016: 0208 1100                              |00e5: move/from16 v8, v17
=::= -----------------------
=::= -----------------------
=::=   00201c: 1311 0100                              |00e8: const/16 v17, #int 1 // #1
=::=   002020: 0209 1100                              |00ea: move/from16 v9, v17
=::= -----------------------
=::= -----------------------
=::=   002026: 1311 0100                              |00ed: const/16 v17, #int 1 // #1
=::=   00202a: 020a 1100                              |00ef: move/from16 v10, v17
=::= -----------------------
=::= -----------------------
=::=   002030: 1311 0100                              |00f2: const/16 v17, #int 1 // #1
=::=   002034: 0202 1100                              |00f4: move/from16 v2, v17
=::= -----------------------
=::= -----------------------
=::=   00203a: 1311 0100                              |00f7: const/16 v17, #int 1 // #1
=::=   00203e: 0203 1100                              |00f9: move/from16 v3, v17
=::= -----------------------
=::= -----------------------
=::=   002044: 1311 0100                              |00fc: const/16 v17, #int 1 // #1
=::=   002048: 0207 1100                              |00fe: move/from16 v7, v17
=::= -----------------------
=::= -----------------------
=::=   00204e: 1311 0100                              |0101: const/16 v17, #int 1 // #1
=::=   002052: 0208 1100                              |0103: move/from16 v8, v17
=::= -----------------------
=::= -----------------------
=::=   002058: 1311 0100                              |0106: const/16 v17, #int 1 // #1
=::=   00205c: 0209 1100                              |0108: move/from16 v9, v17
=::= -----------------------
=::= -----------------------
=::=   002062: 1311 0100                              |010b: const/16 v17, #int 1 // #1
=::=   002066: 020a 1100                              |010d: move/from16 v10, v17
=::= -----------------------
=::= -----------------------
=::=   00208c: 1311 0000                              |0120: const/16 v17, #int 0 // #0
=::=   002090: 0202 1100                              |0122: move/from16 v2, v17
=::= -----------------------
=::= -----------------------
=::=   002098: 1311 0000                              |0126: const/16 v17, #int 0 // #0
=::=   00209c: 0203 1100                              |0128: move/from16 v3, v17
=::= -----------------------
=::= -----------------------
=::=   0020a4: 1311 0000                              |012c: const/16 v17, #int 0 // #0
=::=   0020a8: 0207 1100                              |012e: move/from16 v7, v17
=::= -----------------------
=::= -----------------------
=::=   0020b0: 1311 0000                              |0132: const/16 v17, #int 0 // #0
=::=   0020b4: 0208 1100                              |0134: move/from16 v8, v17
=::= -----------------------
=::= -----------------------
=::=   0020bc: 1311 0000                              |0138: const/16 v17, #int 0 // #0
=::=   0020c0: 0209 1100                              |013a: move/from16 v9, v17
=::= -----------------------
=::= -----------------------
=::=   0020c8: 1311 0000                              |013e: const/16 v17, #int 0 // #0
=::=   0020cc: 020a 1100                              |0140: move/from16 v10, v17
=::= -----------------------
=::= -----------------------
=::=   0020d4: 1311 0000                              |0144: const/16 v17, #int 0 // #0
=::=   0020d8: 020c 1100                              |0146: move/from16 v12, v17
=::= -----------------------
=::= -----------------------
=::=   0020e0: 1311 0000                              |014a: const/16 v17, #int 0 // #0
=::=   0020e4: 020d 1100                              |014c: move/from16 v13, v17
=::= -----------------------
=::= -----------------------
=::=   0020ec: 1311 0000                              |0150: const/16 v17, #int 0 // #0
=::=   0020f0: 020e 1100                              |0152: move/from16 v14, v17
=::= -----------------------
=::= -----------------------
=::=   0020f8: 1311 0000                              |0156: const/16 v17, #int 0 // #0
=::=   0020fc: 0204 1100                              |0158: move/from16 v4, v17
=::= -----------------------
=::= -----------------------
=::=   002104: 1311 0000                              |015c: const/16 v17, #int 0 // #0
=::=   002108: 0205 1100                              |015e: move/from16 v5, v17
=::= -----------------------
=::= -----------------------
=::=   002110: 1311 0000                              |0162: const/16 v17, #int 0 // #0
=::=   002114: 0206 1100                              |0164: move/from16 v6, v17
=::= -----------------------
=::= -----------------------
=::=   00211c: 1311 0000                              |0168: const/16 v17, #int 0 // #0
=::=   002120: 020c 1100                              |016a: move/from16 v12, v17
=::= -----------------------
=::= -----------------------
=::=   002128: 1311 0000                              |016e: const/16 v17, #int 0 // #0
=::=   00212c: 020d 1100                              |0170: move/from16 v13, v17
=::= -----------------------
=::= -----------------------
=::=   002134: 1311 0000                              |0174: const/16 v17, #int 0 // #0
=::=   002138: 020e 1100                              |0176: move/from16 v14, v17
=::= -----------------------
=::= -----------------------
=::=   002140: 1311 0000                              |017a: const/16 v17, #int 0 // #0
=::=   002144: 0204 1100                              |017c: move/from16 v4, v17
=::= -----------------------
=::= -----------------------
=::=   00214c: 1311 0000                              |0180: const/16 v17, #int 0 // #0
=::=   002150: 0205 1100                              |0182: move/from16 v5, v17
=::= -----------------------
=::= -----------------------
=::=   002158: 1311 0000                              |0186: const/16 v17, #int 0 // #0
=::=   00215c: 0206 1100                              |0188: move/from16 v6, v17
=::= -----------------------
=::= -----------------------
=::=   002168: 1311 0100                              |018e: const/16 v17, #int 1 // #1
=::=   00216c: 0202 1100                              |0190: move/from16 v2, v17
=::= -----------------------
=::= -----------------------
=::=   002172: 1311 0100                              |0193: const/16 v17, #int 1 // #1
=::=   002176: 0203 1100                              |0195: move/from16 v3, v17
=::= -----------------------
=::= -----------------------
=::=   00217c: 1311 0100                              |0198: const/16 v17, #int 1 // #1
=::=   002180: 0207 1100                              |019a: move/from16 v7, v17
=::= -----------------------
=::= -----------------------
=::=   002186: 1311 0100                              |019d: const/16 v17, #int 1 // #1
=::=   00218a: 0208 1100                              |019f: move/from16 v8, v17
=::= -----------------------
=::= -----------------------
=::=   002190: 1311 0100                              |01a2: const/16 v17, #int 1 // #1
=::=   002194: 0209 1100                              |01a4: move/from16 v9, v17
=::= -----------------------
=::= -----------------------
=::=   00219a: 1311 0100                              |01a7: const/16 v17, #int 1 // #1
=::=   00219e: 020a 1100                              |01a9: move/from16 v10, v17
=::= -----------------------
=::= -----------------------
=::=   0021a4: 1311 0100                              |01ac: const/16 v17, #int 1 // #1
=::=   0021a8: 020c 1100                              |01ae: move/from16 v12, v17
=::= -----------------------
=::= -----------------------
=::=   0021ae: 1311 0100                              |01b1: const/16 v17, #int 1 // #1
=::=   0021b2: 020d 1100                              |01b3: move/from16 v13, v17
=::= -----------------------
=::= -----------------------
=::=   0021b8: 1311 0100                              |01b6: const/16 v17, #int 1 // #1
=::=   0021bc: 020e 1100                              |01b8: move/from16 v14, v17
=::= -----------------------
=::= -----------------------
=::=   0021c2: 1311 0100                              |01bb: const/16 v17, #int 1 // #1
=::=   0021c6: 0204 1100                              |01bd: move/from16 v4, v17
=::= -----------------------
=::= -----------------------
=::=   0021cc: 1311 0100                              |01c0: const/16 v17, #int 1 // #1
=::=   0021d0: 0205 1100                              |01c2: move/from16 v5, v17
=::= -----------------------
=::= -----------------------
=::=   0021d6: 1311 0100                              |01c5: const/16 v17, #int 1 // #1
=::=   0021da: 0206 1100                              |01c7: move/from16 v6, v17
=::= -----------------------
=::= -----------------------
=::=   0021e0: 1311 0100                              |01ca: const/16 v17, #int 1 // #1
=::=   0021e4: 020c 1100                              |01cc: move/from16 v12, v17
=::= -----------------------
=::= -----------------------
=::=   0021ea: 1311 0100                              |01cf: const/16 v17, #int 1 // #1
=::=   0021ee: 020d 1100                              |01d1: move/from16 v13, v17
=::= -----------------------
=::= -----------------------
=::=   0021f4: 1311 0100                              |01d4: const/16 v17, #int 1 // #1
=::=   0021f8: 020e 1100                              |01d6: move/from16 v14, v17
=::= -----------------------
=::= -----------------------
=::=   0021fe: 1311 0100                              |01d9: const/16 v17, #int 1 // #1
=::=   002202: 0204 1100                              |01db: move/from16 v4, v17
=::= -----------------------
=::= -----------------------
=::=   002208: 1311 0100                              |01de: const/16 v17, #int 1 // #1
=::=   00220c: 0205 1100                              |01e0: move/from16 v5, v17
=::= -----------------------
=::= -----------------------
=::=   002212: 1311 0100                              |01e3: const/16 v17, #int 1 // #1
=::=   002216: 0206 1100                              |01e5: move/from16 v6, v17
=::= -----------------------
=::= 
=::= ~~~~~~codeoffset=0x2224; insns off=0x2234;registers is 3;insns size is 6~~~~~~~~
=::= 
=::= ~~~~~~codeoffset=0x2240; insns off=0x2250;registers is 1;insns size is 1~~~~~~~~
=::= 
=::= ~~~~~~codeoffset=0x2254; insns off=0x2264;registers is 1;insns size is 1~~~~~~~~
=::= 
=::= ~~~~~~codeoffset=0x2268; insns off=0x2278;registers is 3;insns size is 8~~~~~~~~
=::= -----------------------
=::=   002278: 2200 2700                              |0000: new-instance v0,class@0027
=::=   00227c: 1a01 5400                              |0002: const-string v1, string@0054
=::= -----------------------
=::= 
=::= ~~~~~~codeoffset=0x2288; insns off=0x2298;registers is 2;insns size is 12~~~~~~~~
=::= -----------------------
=::=   00229e: 1300 0c00                              |0003: const/16 v0, #int 12 // #c
=::=   0022a2: 5910 1c00                              |0005: iput v0, v1,field@001c
=::=   0022a6: 1300 4000                              |0007: const/16 v0, #int 64 // #40
=::=   0022aa: 5910 1b00                              |0009: iput v0, v1,field@001b
=::= -----------------------
=::= 
=::= ~~~~~~codeoffset=0x22b0; insns off=0x22c0;registers is 2;insns size is 2~~~~~~~~
=::= 
=::= ~~~~~~codeoffset=0x22c4; insns off=0x22d4;registers is 2;insns size is 3~~~~~~~~
=::= 
=::= ~~~~~~codeoffset=0x22dc; insns off=0x22ec;registers is 13;insns size is 93~~~~~~~~
=::= -----------------------
=::=   0022ec: 120b                                   |0000: const/4 v11, #int 0 // #0
=::=   0022ee: 121a                                   |0001: const/4 v10, #int 1 // #1
=::=   0022f0: 54c7 1d00                              |0002: iget-object v7, v12,field@001d
=::=   0022f4: 4b0a 070b                              |0004: aput v10, v7, v11
=::=   0022f8: 1210                                   |0006: const/4 v0, #int 1 // #1
=::= -----------------------
=::= -----------------------
=::=   002302: 1203                                   |000b: const/4 v3, #int 0 // #0
=::=   002304: 1205                                   |000c: const/4 v5, #int 0 // #0
=::=   002306: 1202                                   |000d: const/4 v2, #int 0 // #0
=::= -----------------------
=::= -----------------------
=::=   002310: 59c3 1e00                              |0012: iput v3, v12,field@001e
=::=   002314: 59c5 1f00                              |0014: iput v5, v12,field@001f
=::=   002318: 54c7 1d00                              |0016: iget-object v7, v12,field@001d
=::=   00231c: 4407 070b                              |0018: aget v7, v7, v11
=::= -----------------------
=::= -----------------------
=::=   002322: 54c7 1d00                              |001b: iget-object v7, v12,field@001d
=::=   002326: 54c8 1d00                              |001d: iget-object v8, v12,field@001d
=::=   00232a: 9109 000a                              |001f: sub-int v9, v0, v10
=::=   00232e: 4408 0809                              |0021: aget v8, v8, v9
=::=   002332: b008                                   |0023: add-int/2addr v8, v0
=::=   002334: 4b08 0700                              |0024: aput v8, v7, v0
=::=   002338: d800 0001                              |0026: add-int/lit8 v0, v0, #int 1 // #01
=::= -----------------------
=::= -----------------------
=::=   00234e: 52c7 1b00                              |0031: iget v7, v12,field@001b
=::=   002352: 52c8 1c00                              |0033: iget v8, v12,field@001c
=::=   002356: 9006 0708                              |0035: add-int v6, v7, v8
=::=   00235a: b063                                   |0037: add-int/2addr v3, v6
=::=   00235c: d805 0502                              |0038: add-int/lit8 v5, v5, #int 2 // #02
=::=   002360: 54c7 1d00                              |003a: iget-object v7, v12,field@001d
=::=   002364: 9108 040a                              |003c: sub-int v8, v4, v10
=::=   002368: 4407 0708                              |003e: aget v7, v7, v8
=::=   00236c: 54c8 1d00                              |0040: iget-object v8, v12,field@001d
=::=   002370: 4408 0804                              |0042: aget v8, v8, v4
=::= -----------------------
=::= -----------------------
=::=   002378: 54c7 1d00                              |0046: iget-object v7, v12,field@001d
=::=   00237c: 9108 040a                              |0048: sub-int v8, v4, v10
=::=   002380: 4401 0708                              |004a: aget v1, v7, v8
=::=   002384: 54c7 1d00                              |004c: iget-object v7, v12,field@001d
=::=   002388: 9108 040a                              |004e: sub-int v8, v4, v10
=::=   00238c: 54c9 1d00                              |0050: iget-object v9, v12,field@001d
=::=   002390: 4409 0904                              |0052: aget v9, v9, v4
=::=   002394: 4b09 0708                              |0054: aput v9, v7, v8
=::=   002398: 54c7 1d00                              |0056: iget-object v7, v12,field@001d
=::=   00239c: 4b01 0704                              |0058: aput v1, v7, v4
=::= -----------------------
=::= 
=::= ~~~~~~codeoffset=0x23a8; insns off=0x23b8;registers is 3;insns size is 12~~~~~~~~
=::= -----------------------
=::=   0023c0: 5210 1b00                              |0004: iget v0, v1,field@001b
=::=   0023c4: 2300 3100                              |0006: new-array v0, v0, class@0031
=::=   0023c8: 5b10 1d00                              |0008: iput-object v0, v1,field@001d
=::=   0023cc: 1210                                   |000a: const/4 v0, #int 1 // #1
=::= -----------------------
=::= 
=::= ~~~~~~codeoffset=0x23d0; insns off=0x23e0;registers is 1;insns size is 1~~~~~~~~
=::= 
=::= ~~~~~~codeoffset=0x23e4; insns off=0x23f4;registers is 1;insns size is 1~~~~~~~~
=::= 
=::= ~~~~~~codeoffset=0x23f8; insns off=0x2408;registers is 3;insns size is 8~~~~~~~~
=::= -----------------------
=::=   002408: 2200 2700                              |0000: new-instance v0,class@0027
=::=   00240c: 1a01 5700                              |0002: const-string v1, string@0057
=::= -----------------------
=::= 
=::= ~~~~~~codeoffset=0x2418; insns off=0x2428;registers is 2;insns size is 8~~~~~~~~
=::= -----------------------
=::=   00242e: 1300 6400                              |0003: const/16 v0, #int 100 // #64
=::=   002432: 5910 2100                              |0005: iput v0, v1,field@0021
=::= -----------------------
=::= 
=::= ~~~~~~codeoffset=0x2438; insns off=0x2448;registers is 3;insns size is 13~~~~~~~~
=::= -----------------------
=::=   002450: 1210                                   |0004: const/4 v0, #int 1 // #1
=::=   002452: 9100 0200                              |0005: sub-int v0, v2, v0
=::= -----------------------
=::= 
=::= ~~~~~~codeoffset=0x2464; insns off=0x2474;registers is 2;insns size is 2~~~~~~~~
=::= 
=::= ~~~~~~codeoffset=0x2478; insns off=0x2488;registers is 2;insns size is 3~~~~~~~~
=::= 
=::= ~~~~~~codeoffset=0x2490; insns off=0x24a0;registers is 6;insns size is 23~~~~~~~~
=::= 
=::= ~~~~~~codeoffset=0x24d0; insns off=0x24e0;registers is 3;insns size is 6~~~~~~~~
=::= 
=::= ~~~~~~codeoffset=0x24ec; insns off=0x24fc;registers is 6;insns size is 35~~~~~~~~
=::= -----------------------
=::=   0024fc: 1213                                   |0000: const/4 v3, #int 1 // #1
=::=   0024fe: 0150                                   |0001: move v0, v5
=::=   002500: 5242 2000                              |0002: iget v2, v4,field@0020
=::=   002504: d802 0201                              |0004: add-int/lit8 v2, v2, #int 1 // #01
=::=   002508: 5942 2000                              |0006: iput v2, v4,field@0020
=::= -----------------------
=::= -----------------------
=::=   002538: 0a02                                   |001e: move-result v2
=::=   00253a: d802 0201                              |001f: add-int/lit8 v2, v2, #int 1 // #01
=::=   00253e: b020                                   |0021: add-int/2addr v0, v2
=::= -----------------------
=::= 
=::= ~~~~~~codeoffset=0x2544; insns off=0x2554;registers is 1;insns size is 1~~~~~~~~
=::= 
=::= ~~~~~~codeoffset=0x2558; insns off=0x2568;registers is 1;insns size is 1~~~~~~~~
=::= 
=::= ~~~~~~codeoffset=0x256c; insns off=0x257c;registers is 3;insns size is 8~~~~~~~~
=::= -----------------------
=::=   00257c: 2200 2700                              |0000: new-instance v0,class@0027
=::=   002580: 1a01 5a00                              |0002: const-string v1, string@005a
=::= -----------------------
=::= 
=::= ~~~~~~codeoffset=0x258c; insns off=0x259c;registers is 1;insns size is 4~~~~~~~~
=::= 
=::= ~~~~~~codeoffset=0x25a4; insns off=0x25b4;registers is 1;insns size is 4~~~~~~~~
=::= 
=::= ~~~~~~codeoffset=0x25bc; insns off=0x25cc;registers is 1;insns size is 4~~~~~~~~
=::= 
=::= ~~~~~~codeoffset=0x25d4; insns off=0x25e4;registers is 1;insns size is 4~~~~~~~~
=::= 
=::= ~~~~~~codeoffset=0x25ec; insns off=0x25fc;registers is 1;insns size is 4~~~~~~~~
=::= 
=::= ~~~~~~codeoffset=0x2604; insns off=0x2614;registers is 2;insns size is 8~~~~~~~~
=::= -----------------------
=::=   00261a: 1300 0002                              |0003: const/16 v0, #int 512 // #200
=::=   00261e: 5910 2600                              |0005: iput v0, v1,field@0026
=::= -----------------------
=::= 
=::= ~~~~~~codeoffset=0x2624; insns off=0x2634;registers is 2;insns size is 2~~~~~~~~
=::= 
=::= ~~~~~~codeoffset=0x2638; insns off=0x2648;registers is 2;insns size is 3~~~~~~~~
=::= 
=::= ~~~~~~codeoffset=0x2650; insns off=0x2660;registers is 9;insns size is 65~~~~~~~~
=::= -----------------------
=::=   002660: 1217                                   |0000: const/4 v7, #int 1 // #1
=::=   002662: 1213                                   |0001: const/4 v3, #int 1 // #1
=::=   002664: 1201                                   |0002: const/4 v1, #int 0 // #0
=::=   002666: 5485 2700                              |0003: iget-object v5, v8,field@0027
=::=   00266a: 1206                                   |0005: const/4 v6, #int 0 // #0
=::=   00266c: 4b07 0506                              |0006: aput v7, v5, v6
=::=   002670: 5485 2700                              |0008: iget-object v5, v8,field@0027
=::=   002674: 1226                                   |000a: const/4 v6, #int 2 // #2
=::=   002676: 4b06 0507                              |000b: aput v6, v5, v7
=::=   00267a: 1223                                   |000d: const/4 v3, #int 2 // #2
=::=   00267c: 1232                                   |000e: const/4 v2, #int 3 // #3
=::= -----------------------
=::= -----------------------
=::=   002698: d803 0301                              |001c: add-int/lit8 v3, v3, #int 1 // #01
=::=   00269c: 5485 2700                              |001e: iget-object v5, v8,field@0027
=::=   0026a0: 9106 0307                              |0020: sub-int v6, v3, v7
=::=   0026a4: 4b02 0506                              |0022: aput v2, v5, v6
=::= -----------------------
=::= -----------------------
=::=   0026ae: 5485 2700                              |0027: iget-object v5, v8,field@0027
=::=   0026b2: 4405 0504                              |0029: aget v5, v5, v4
=::= -----------------------
=::= -----------------------
=::=   0026ba: 5485 2700                              |002d: iget-object v5, v8,field@0027
=::=   0026be: 4405 0504                              |002f: aget v5, v5, v4
=::=   0026c2: db06 0202                              |0031: div-int/lit8 v6, v2, #int 2 // #02
=::= -----------------------
=::= -----------------------
=::=   0026ca: 5485 2700                              |0035: iget-object v5, v8,field@0027
=::=   0026ce: 4405 0504                              |0037: aget v5, v5, v4
=::=   0026d2: 9405 0205                              |0039: rem-int v5, v2, v5
=::= -----------------------
=::= 
=::= ~~~~~~codeoffset=0x26e4; insns off=0x26f4;registers is 3;insns size is 12~~~~~~~~
=::= -----------------------
=::=   0026fc: 5210 2600                              |0004: iget v0, v1,field@0026
=::=   002700: 2300 3100                              |0006: new-array v0, v0, class@0031
=::=   002704: 5b10 2700                              |0008: iput-object v0, v1,field@0027
=::=   002708: 1210                                   |000a: const/4 v0, #int 1 // #1
=::= -----------------------
=::= 
=::= ~~~~~~codeoffset=0x270c; insns off=0x271c;registers is 1;insns size is 1~~~~~~~~
=::= 
=::= ~~~~~~codeoffset=0x2720; insns off=0x2730;registers is 1;insns size is 1~~~~~~~~
=::= 
=::= ~~~~~~codeoffset=0x2734; insns off=0x2744;registers is 3;insns size is 8~~~~~~~~
=::= -----------------------
=::=   002744: 2200 2700                              |0000: new-instance v0,class@0027
=::=   002748: 1a01 6000                              |0002: const-string v1, string@0060
=::= -----------------------
=::= 
=::= ~~~~~~codeoffset=0x2754; insns off=0x2764;registers is 3;insns size is 13~~~~~~~~
=::= -----------------------
=::=   00276e: 5a20 2900                              |0005: iput-wide v0, v2,field@0029
=::=   002772: 5a20 2a00                              |0007: iput-wide v0, v2,field@002a
=::=   002776: 1200                                   |0009: const/4 v0, #int 0 // #0
=::=   002778: 5c20 2800                              |000a: iput-boolean v0, v2,field@0028
=::= -----------------------
=::= 
=::= ~~~~~~codeoffset=0x2780; insns off=0x2790;registers is 3;insns size is 8~~~~~~~~
=::= -----------------------
=::=   002796: 5320 2a00                              |0003: iget-wide v0, v2,field@002a
=::=   00279a: 5a20 2900                              |0005: iput-wide v0, v2,field@0029
=::= -----------------------
=::= 
=::= ~~~~~~codeoffset=0x27a0; insns off=0x27b0;registers is 6;insns size is 21~~~~~~~~
=::= -----------------------
=::=   0027c8: 0b01                                   |000c: move-result-wide v1
=::=   0027ca: 5a51 2a00                              |000d: iput-wide v1, v5,field@002a
=::= -----------------------
=::= -----------------------
=::=   0027ce: 5351 2a00                              |000f: iget-wide v1, v5,field@002a
=::=   0027d2: 5353 2900                              |0011: iget-wide v3, v5,field@0029
=::=   0027d6: bc31                                   |0013: sub-long/2addr v1, v3
=::= -----------------------
=::= 
=::= ~~~~~~codeoffset=0x27dc; insns off=0x27ec;registers is 4;insns size is 23~~~~~~~~
=::= -----------------------
=::=   0027f4: 1211                                   |0004: const/4 v1, #int 1 // #1
=::=   0027f6: 5c31 2800                              |0005: iput-boolean v1, v3,field@0028
=::=   0027fa: 2200 2d00                              |0007: new-instance v0,class@002d
=::= -----------------------
=::= -----------------------
=::=   00280a: 0b01                                   |000f: move-result-wide v1
=::=   00280c: 5a31 2900                              |0010: iput-wide v1, v3,field@0029
=::=   002810: 5331 2900                              |0012: iget-wide v1, v3,field@0029
=::=   002814: 5a31 2a00                              |0014: iput-wide v1, v3,field@002a
=::= -----------------------
=::= 
=::= ~~~~~~codeoffset=0x281c; insns off=0x282c;registers is 4;insns size is 19~~~~~~~~
=::= -----------------------
=::=   002834: 1201                                   |0004: const/4 v1, #int 0 // #0
=::=   002836: 5c31 2800                              |0005: iput-boolean v1, v3,field@0028
=::=   00283a: 2200 2d00                              |0007: new-instance v0,class@002d
=::= -----------------------
=::= -----------------------
=::=   00284a: 0b01                                   |000f: move-result-wide v1
=::=   00284c: 5a31 2a00                              |0010: iput-wide v1, v3,field@002a
=::= -----------------------
=::= 
=::= ~~~~~~codeoffset=0x2854; insns off=0x2864;registers is 2;insns size is 8~~~~~~~~
=::= -----------------------
=::=   00286a: 1300 3200                              |0003: const/16 v0, #int 50 // #32
=::=   00286e: 5910 2e00                              |0005: iput v0, v1,field@002e
=::= -----------------------
=::= 
=::= ~~~~~~codeoffset=0x2874; insns off=0x2884;registers is 2;insns size is 2~~~~~~~~
=::= 
=::= ~~~~~~codeoffset=0x2888; insns off=0x2898;registers is 2;insns size is 3~~~~~~~~
=::= 
=::= ~~~~~~codeoffset=0x28a0; insns off=0x28b0;registers is 7;insns size is 63~~~~~~~~
=::= -----------------------
=::=   0028b0: 1a05 a800                              |0000: const-string v5, string@00a8
=::=   0028b4: 2202 2800                              |0002: new-instance v2,class@0028
=::=   0028b8: 1a03 6a00                              |0004: const-string v3, string@006a
=::= -----------------------
=::= -----------------------
=::=   0028f4: 0c03                                   |0022: move-result-object v3
=::=   0028f6: 5464 2c00                              |0023: iget-object v4, v6,field@002c
=::= -----------------------
=::= -----------------------
=::=   002900: 0c03                                   |0028: move-result-object v3
=::=   002902: 5464 2d00                              |0029: iget-object v4, v6,field@002d
=::= -----------------------
=::= -----------------------
=::=   002918: 0c03                                   |0034: move-result-object v3
=::=   00291a: 1a04 a800                              |0035: const-string v4, string@00a8
=::=   00291e: da04 0141                              |0037: mul-int/lit8 v4, v1, #int 65 // #41
=::= -----------------------
=::= 
=::= ~~~~~~codeoffset=0x2930; insns off=0x2940;registers is 3;insns size is 18~~~~~~~~
=::= -----------------------
=::=   002948: 1a00 d100                              |0004: const-string v0, string@00d1
=::=   00294c: 5b10 2b00                              |0006: iput-object v0, v1,field@002b
=::=   002950: 1a00 f700                              |0008: const-string v0, string@00f7
=::=   002954: 5b10 2c00                              |000a: iput-object v0, v1,field@002c
=::=   002958: 1a00 f300                              |000c: const-string v0, string@00f3
=::=   00295c: 5b10 2d00                              |000e: iput-object v0, v1,field@002d
=::=   002960: 1210                                   |0010: const/4 v0, #int 1 // #1
=::= -----------------------
=::= 
=::= ~~~~~~codeoffset=0x2964; insns off=0x2974;registers is 1;insns size is 1~~~~~~~~
=::= 
=::= ~~~~~~codeoffset=0x2978; insns off=0x2988;registers is 1;insns size is 1~~~~~~~~
=::= 
=::= ~~~~~~codeoffset=0x298c; insns off=0x299c;registers is 3;insns size is 8~~~~~~~~
=::= -----------------------
=::=   00299c: 2200 2700                              |0000: new-instance v0,class@0027
=::=   0029a0: 1a01 6600                              |0002: const-string v1, string@0066
=::= -----------------------
